2022-08-01 09:55:32 pid:1 Error: Call to protected mon\worker\App::__construct() from invalid context in C:\Users\Administrator\Desktop\mon-worker\demo\index.php:103
Stack trace:
#0 C:\Users\Administrator\Desktop\mon-worker\vendor\workerman\workerman\Worker.php(2434): {closure}(Object(Workerman\Worker))
#1 C:\Users\Administrator\Desktop\mon-worker\vendor\workerman\workerman\Worker.php(1442): Workerman\Worker->run()
#2 C:\Users\Administrator\Desktop\mon-worker\vendor\workerman\workerman\Worker.php(1385): Workerman\Worker::forkWorkersForWindows()
#3 C:\Users\Administrator\Desktop\mon-worker\vendor\workerman\workerman\Worker.php(550): Workerman\Worker::forkWorkers()
#4 C:\Users\Administrator\Desktop\mon-worker\demo\index.php(162): Workerman\Worker::runAll()
#5 {main}
2022-08-01 16:51:48 pid:1 TypeError: Return value of mon\worker\App::request() must be an instance of mon\worker\Request, null returned in C:\Users\Administrator\Desktop\mon-worker\src\App.php:132
Stack trace:
#0 C:\Users\Administrator\Desktop\mon-worker\src\App.php(336): mon\worker\App->request()
#1 C:\Users\Administrator\Desktop\mon-worker\src\App.php(175): mon\worker\App->send(Object(mon\worker\Response))
#2 C:\Users\Administrator\Desktop\mon-worker\vendor\workerman\workerman\Connection\TcpConnection.php(638): mon\worker\App->onMessage(Object(Workerman\Connection\TcpConnection), Object(mon\worker\Request))
#3 C:\Users\Administrator\Desktop\mon-worker\vendor\workerman\workerman\Events\Select.php(295): Workerman\Connection\TcpConnection->baseRead(Resource id #38)
#4 C:\Users\Administrator\Desktop\mon-worker\vendor\workerman\workerman\Worker.php(2465): Workerman\Events\Select->loop()
#5 C:\Users\Administrator\Desktop\mon-worker\vendor\workerman\workerman\Worker.php(1449): Workerman\Worker->run()
#6 C:\Users\Administrator\Desktop\mon-worker\vendor\workerman\workerman\Worker.php(1392): Workerman\Worker::forkWorkersForWindows()
#7 C:\Users\Administrator\Desktop\mon-worker\vendor\workerman\workerman\Worker.php(557): Workerman\Worker::forkWorkers()
#8 C:\Users\Administrator\Desktop\mon-worker\demo\index.php(171): Workerman\Worker::runAll()
#9 {main}
2022-08-01 16:52:58 pid:1 TypeError: Return value of mon\worker\App::request() must be an instance of mon\worker\Request, null returned in C:\Users\Administrator\Desktop\mon-worker\src\App.php:132
Stack trace:
#0 C:\Users\Administrator\Desktop\mon-worker\src\App.php(336): mon\worker\App->request()
#1 C:\Users\Administrator\Desktop\mon-worker\src\App.php(175): mon\worker\App->send(Object(mon\worker\Response))
#2 C:\Users\Administrator\Desktop\mon-worker\vendor\workerman\workerman\Connection\TcpConnection.php(638): mon\worker\App->onMessage(Object(Workerman\Connection\TcpConnection), Object(mon\worker\Request))
#3 C:\Users\Administrator\Desktop\mon-worker\vendor\workerman\workerman\Events\Select.php(295): Workerman\Connection\TcpConnection->baseRead(Resource id #38)
#4 C:\Users\Administrator\Desktop\mon-worker\vendor\workerman\workerman\Worker.php(2465): Workerman\Events\Select->loop()
#5 C:\Users\Administrator\Desktop\mon-worker\vendor\workerman\workerman\Worker.php(1449): Workerman\Worker->run()
#6 C:\Users\Administrator\Desktop\mon-worker\vendor\workerman\workerman\Worker.php(1392): Workerman\Worker::forkWorkersForWindows()
#7 C:\Users\Administrator\Desktop\mon-worker\vendor\workerman\workerman\Worker.php(557): Workerman\Worker::forkWorkers()
#8 C:\Users\Administrator\Desktop\mon-worker\demo\index.php(171): Workerman\Worker::runAll()
#9 {main}
2022-08-01 17:06:16 pid:1 ErrorException: Undefined variable: 0 in C:\Users\Administrator\Desktop\mon-worker\src\Error.php:202
Stack trace:
#0 C:\Users\Administrator\Desktop\mon-worker\src\Error.php(202): {closure}(8, 'Undefined varia...', 'C:\\Users\\Admini...', 202, Array)
#1 C:\Users\Administrator\Desktop\mon-worker\src\Error.php(70): mon\worker\Error->buildSource(Array)
#2 C:\Users\Administrator\Desktop\mon-worker\src\Error.php(40): mon\worker\Error->buildHTML(Object(mon\worker\Request), Object(Exception))
#3 C:\Users\Administrator\Desktop\mon-worker\src\App.php(302): mon\worker\Error->render(Object(mon\worker\Request), Object(Exception))
#4 C:\Users\Administrator\Desktop\mon-worker\src\App.php(175): mon\worker\App->handlerException(Object(Exception))
#5 C:\Users\Administrator\Desktop\mon-worker\vendor\workerman\workerman\Connection\TcpConnection.php(638): mon\worker\App->onMessage(Object(Workerman\Connection\TcpConnection), Object(mon\worker\Request))
#6 C:\Users\Administrator\Desktop\mon-worker\vendor\workerman\workerman\Events\Select.php(295): Workerman\Connection\TcpConnection->baseRead(Resource id #38)
#7 C:\Users\Administrator\Desktop\mon-worker\vendor\workerman\workerman\Worker.php(2465): Workerman\Events\Select->loop()
#8 C:\Users\Administrator\Desktop\mon-worker\vendor\workerman\workerman\Worker.php(1449): Workerman\Worker->run()
#9 C:\Users\Administrator\Desktop\mon-worker\vendor\workerman\workerman\Worker.php(1392): Workerman\Worker::forkWorkersForWindows()
#10 C:\Users\Administrator\Desktop\mon-worker\vendor\workerman\workerman\Worker.php(557): Workerman\Worker::forkWorkers()
#11 C:\Users\Administrator\Desktop\mon-worker\demo\index.php(172): Workerman\Worker::runAll()
#12 {main}
2022-08-01 17:07:10 pid:1 ErrorException: Array to string conversion in C:\Users\Administrator\Desktop\mon-worker\src\Error.php:208
Stack trace:
#0 C:\Users\Administrator\Desktop\mon-worker\src\Error.php(208): {closure}(8, 'Array to string...', 'C:\\Users\\Admini...', 208, Array)
#1 C:\Users\Administrator\Desktop\mon-worker\src\Error.php(70): mon\worker\Error->buildSource(Array)
#2 C:\Users\Administrator\Desktop\mon-worker\src\Error.php(40): mon\worker\Error->buildHTML(Object(mon\worker\Request), Object(Exception))
#3 C:\Users\Administrator\Desktop\mon-worker\src\App.php(302): mon\worker\Error->render(Object(mon\worker\Request), Object(Exception))
#4 C:\Users\Administrator\Desktop\mon-worker\src\App.php(175): mon\worker\App->handlerException(Object(Exception))
#5 C:\Users\Administrator\Desktop\mon-worker\vendor\workerman\workerman\Connection\TcpConnection.php(638): mon\worker\App->onMessage(Object(Workerman\Connection\TcpConnection), Object(mon\worker\Request))
#6 C:\Users\Administrator\Desktop\mon-worker\vendor\workerman\workerman\Events\Select.php(295): Workerman\Connection\TcpConnection->baseRead(Resource id #38)
#7 C:\Users\Administrator\Desktop\mon-worker\vendor\workerman\workerman\Worker.php(2465): Workerman\Events\Select->loop()
#8 C:\Users\Administrator\Desktop\mon-worker\vendor\workerman\workerman\Worker.php(1449): Workerman\Worker->run()
#9 C:\Users\Administrator\Desktop\mon-worker\vendor\workerman\workerman\Worker.php(1392): Workerman\Worker::forkWorkersForWindows()
#10 C:\Users\Administrator\Desktop\mon-worker\vendor\workerman\workerman\Worker.php(557): Workerman\Worker::forkWorkers()
#11 C:\Users\Administrator\Desktop\mon-worker\demo\index.php(172): Workerman\Worker::runAll()
#12 {main}
2022-08-02 10:10:12 pid:1 ErrorException: Please init the app in C:\Users\Administrator\Desktop\mon-worker\src\App.php:174
Stack trace:
#0 C:\Users\Administrator\Desktop\mon-worker\vendor\workerman\workerman\Connection\TcpConnection.php(638): mon\worker\App->onMessage(Object(Workerman\Connection\TcpConnection), Object(mon\worker\Request))
#1 C:\Users\Administrator\Desktop\mon-worker\vendor\workerman\workerman\Events\Select.php(295): Workerman\Connection\TcpConnection->baseRead(Resource id #40)
#2 C:\Users\Administrator\Desktop\mon-worker\vendor\workerman\workerman\Worker.php(2465): Workerman\Events\Select->loop()
#3 C:\Users\Administrator\Desktop\mon-worker\vendor\workerman\workerman\Worker.php(1449): Workerman\Worker->run()
#4 C:\Users\Administrator\Desktop\mon-worker\vendor\workerman\workerman\Worker.php(1392): Workerman\Worker::forkWorkersForWindows()
#5 C:\Users\Administrator\Desktop\mon-worker\vendor\workerman\workerman\Worker.php(557): Workerman\Worker::forkWorkers()
#6 C:\Users\Administrator\Desktop\mon-worker\demo\index.php(186): Workerman\Worker::runAll()
#7 {main}
